<?xml version="1.0" encoding="UTF-8"?>
<!-- Generated by org.testng.reporters.JUnitReportReporter -->
<testsuite name="tests.Carpeesh_Test" tests="1" time="13.703" ignored="0" failures="0" timestamp="22 Jan 2020 08:35:45 GMT" skipped="0" hostname="IHQ-DESKTOP03" errors="0">
  <testcase name="carpeesh" time="13.703" classname="tests.Carpeesh_Test"/>
</testsuite> <!-- tests.Carpeesh_Test -->
